Flow report for pe_accum_fixed
Wed Apr 29 14:43:32 2020
Quartus Prime Version 18.1.0 Build 222 09/21/2018 SJ Pro Edition


---------------------
; Table of Contents ;
---------------------
  1. Legal Notice
  2. Flow Summary
  3. Flow Settings
  4. Flow Non-Default Global Settings
  5. Flow Elapsed Time
  6. Flow OS Summary
  7. Flow Log



----------------
; Legal Notice ;
----------------
Copyright (C) 2018  Intel Corporation. All rights reserved.
Your use of Intel Corporation's design tools, logic functions 
and other software and tools, and its AMPP partner logic 
functions, and any output files from any of the foregoing 
(including device programming or simulation files), and any 
associated documentation or information are expressly subject 
to the terms and conditions of the Intel Program License 
Subscription Agreement, the Intel Quartus Prime License Agreement,
the Intel FPGA IP License Agreement, or other applicable license
agreement, including, without limitation, that your use is for
the sole purpose of programming logic devices manufactured by
Intel and sold by Intel or its authorized distributors.  Please
refer to the applicable agreement for further details.



++
; Flow Summary ;
+
+


+-----------------------------------------+
; Flow Settings                           ;
+-------------------+---------------------+
; Option            ; Setting             ;
+-------------------+---------------------+
; Start date & time ; 04/29/2020 14:43:30 ;
; Main task         ; Compilation         ;
; Revision Name     ; pe_accum_fixed      ;
+-------------------+---------------------+


+--------------------------------------------------------------------+
; Flow Non-Default Global Settings                                   ;
+-----------------+-------+---------------+-------------+------------+
; Assignment Name ; Value ; Default Value ; Entity Name ; Section Id ;
+-----------------+-------+---------------+-------------+------------+


+----------------------------------------------------------------------------+
; Flow Elapsed Time                                                          ;
+-------------+--------------+-------------------------+---------------------+
; Module Name ; Elapsed Time ; Average Processors Used ; Peak Virtual Memory ;
+-------------+--------------+-------------------------+---------------------+


+------------------------------------------------------------------------+
; Flow OS Summary                                                        ;
+-------------+------------------+---------+------------+----------------+
; Module Name ; Machine Hostname ; OS Name ; OS Version ; Processor type ;
+-------------+------------------+---------+------------+----------------+


------------
; Flow Log ;
------------



